<?xml version="1.0" encoding="UTF-8"?>
<!-- Generated by org.testng.reporters.JUnitXMLReporter -->
<testsuite hostname="Rawna" ignored="4" name="Test1" tests="3" failures="0" timestamp="17 Jun 2020 23:32:30 GMT" time="46.237" errors="0">
  <testcase name="test" time="27.774" classname="TS_03.ValidLogin"/>
  <testcase name="test" time="2.217" classname="TS_02.Usedcarschn"/>
  <testcase name="test" time="1.951" classname="TS_01.UpcomingRequirement"/>
  <testcase name="@BeforeSuite reportSetUp" time="0.0" classname="Utils.ExtentReport">
    <ignored/>
  </testcase> <!-- @BeforeSuite reportSetUp -->
  <testcase name="@BeforeSuite reportSetUp" time="0.0" classname="Utils.ExtentReport">
    <ignored/>
  </testcase> <!-- @BeforeSuite reportSetUp -->
  <testcase name="@AfterSuite flushReport" time="0.0" classname="Utils.ExtentReport">
    <ignored/>
  </testcase> <!-- @AfterSuite flushReport -->
  <testcase name="@AfterSuite flushReport" time="0.0" classname="Utils.ExtentReport">
    <ignored/>
  </testcase> <!-- @AfterSuite flushReport -->
</testsuite> <!-- Test1 -->
