<?xml version="1.0" encoding="UTF-8"?>
<!-- Generated by org.testng.reporters.JUnitXMLReporter -->
<testsuite hostname="Rawna" ignored="0" name="Used Cars Chennai - Direct" tests="4" failures="0" timestamp="26 Jun 2020 05:59:48 GMT" time="9.635" errors="0">
  <testcase name="startBrowser" time="0.135" classname="TS_02.Usedcarschn"/>
  <testcase name="clickSearchUsedCarsFromDrpdwn" time="1.913" classname="TS_02.Usedcarschn"/>
  <testcase name="navigateToUsedCarsPage" time="0.17" classname="TS_02.Usedcarschn"/>
  <testcase name="outputDisplay" time="0.247" classname="TS_02.Usedcarschn"/>
</testsuite> <!-- Used Cars Chennai - Direct -->
