<?xml version="1.0" encoding="UTF-8"?>
<!-- Generated by org.testng.reporters.JUnitXMLReporter -->
<testsuite hostname="Rawna" ignored="0" name="Valid Login" tests="6" failures="0" timestamp="26 Jun 2020 06:00:14 GMT" time="25.282" errors="0">
  <testcase name="startBrowser" time="0.055" classname="TS_03.ValidLogin"/>
  <testcase name="clickLogin" time="3.227" classname="TS_03.ValidLogin"/>
  <testcase name="clickGoogleLogin" time="3.078" classname="TS_03.ValidLogin"/>
  <testcase name="switchToSigninWindow" time="1.044" classname="TS_03.ValidLogin"/>
  <testcase name="setValuesForSignin" time="1.716" classname="TS_03.ValidLogin"/>
  <testcase name="outputDisplay" time="8.316" classname="TS_03.ValidLogin"/>
</testsuite> <!-- Valid Login -->
