<?xml version="1.0" encoding="UTF-8"?>
<!-- Generated by org.testng.reporters.JUnitXMLReporter -->
<testsuite hostname="Rawna" ignored="0" name="Default test" tests="6" failures="0" timestamp="26 Jun 2020 07:11:15 GMT" time="32.534" errors="0">
  <testcase name="startBrowser" time="1.042" classname="TS_02.SearchusedCars"/>
  <testcase name="clickSearchUsedCarsFromDrpdwn" time="1.433" classname="TS_02.SearchusedCars"/>
  <testcase name="setCityFilter" time="20.502" classname="TS_02.SearchusedCars">
    <skipped/>
  </testcase> <!-- setCityFilter -->
  <testcase name="setCityFilter" time="0.635" classname="TS_02.SearchusedCars"/>
  <testcase name="navigateToUsedCarsPage" time="0.594" classname="TS_02.SearchusedCars"/>
  <testcase name="outputDisplay" time="0.121" classname="TS_02.SearchusedCars"/>
</testsuite> <!-- Default test -->
