<?xml version="1.0" encoding="UTF-8"?>
<!-- Generated by org.testng.reporters.JUnitXMLReporter -->
<testsuite hostname="Rawna" ignored="0" name="Default test" tests="4" failures="0" timestamp="24 Jun 2020 05:33:20 GMT" time="19.913" errors="0">
  <testcase name="startBrowser" time="0.164" classname="TS_01.Price"/>
  <testcase name="clickUpcomingFromDrpdwn" time="0.582" classname="TS_01.Price"/>
  <testcase name="selectPriceRangeLink" time="0.878" classname="TS_01.Price"/>
  <testcase name="outputDisplay" time="1.03" classname="TS_01.Price"/>
</testsuite> <!-- Default test -->
