<?xml version="1.0" encoding="UTF-8"?>
<!-- Generated by org.testng.reporters.JUnitXMLReporter -->
<testsuite hostname="Rawna" ignored="0" name="Honda Upcoming" tests="4" failures="0" timestamp="23 Jun 2020 18:02:00 GMT" time="8.576" errors="0">
  <testcase name="startBrowser" time="0.168" classname="TS_01.HondaUpcoming"/>
  <testcase name="clickBrandFromDrpdwn" time="2.256" classname="TS_01.HondaUpcoming"/>
  <testcase name="navigateToUpcomingBikesPage" time="0.137" classname="TS_01.HondaUpcoming"/>
  <testcase name="outputDisplay" time="0.381" classname="TS_01.HondaUpcoming"/>
</testsuite> <!-- Honda Upcoming -->
