<?xml version="1.0" encoding="UTF-8"?>
<!-- Generated by org.testng.reporters.JUnitXMLReporter -->
<testsuite hostname="Rawna" ignored="0" name="Incorrect Password Login" tests="6" failures="0" timestamp="23 Jun 2020 18:06:32 GMT" time="26.685" errors="0">
  <testcase name="startBrowser" time="0.412" classname="TS_03.IncorrectPwdLogin"/>
  <testcase name="clickLogin" time="8.391" classname="TS_03.IncorrectPwdLogin"/>
  <testcase name="clickGoogleLogin" time="8.161" classname="TS_03.IncorrectPwdLogin"/>
  <testcase name="switchToSigninWindow" time="1.066" classname="TS_03.IncorrectPwdLogin"/>
  <testcase name="setValuesForSignin" time="1.978" classname="TS_03.IncorrectPwdLogin"/>
  <testcase name="outputDisplay" time="0.812" classname="TS_03.IncorrectPwdLogin"/>
</testsuite> <!-- Incorrect Password Login -->
