<?xml version="1.0" encoding="UTF-8"?>
<!-- Generated by org.testng.reporters.JUnitXMLReporter -->
<testsuite hostname="Rawna" ignored="0" name="Invalid Email Login" tests="6" failures="0" timestamp="23 Jun 2020 18:03:54 GMT" time="24.904" errors="0">
  <testcase name="startBrowser" time="0.542" classname="TS_03.InvalidEmailLogin"/>
  <testcase name="clickLogin" time="8.371" classname="TS_03.InvalidEmailLogin"/>
  <testcase name="clickGoogleLogin" time="8.17" classname="TS_03.InvalidEmailLogin"/>
  <testcase name="switchToSigninWindow" time="1.078" classname="TS_03.InvalidEmailLogin"/>
  <testcase name="setValuesForSignin" time="0.163" classname="TS_03.InvalidEmailLogin"/>
  <testcase name="outputDisplay" time="0.623" classname="TS_03.InvalidEmailLogin"/>
</testsuite> <!-- Invalid Email Login -->
