<?xml version="1.0" encoding="UTF-8"?>
<!-- Generated by org.testng.reporters.JUnitXMLReporter -->
<testsuite hostname="Rawna" ignored="0" name="Invalid Password Login" tests="6" failures="0" timestamp="23 Jun 2020 18:06:05 GMT" time="26.245" errors="0">
  <testcase name="startBrowser" time="0.495" classname="TS_03.InvalidPwdLogin"/>
  <testcase name="clickLogin" time="8.426" classname="TS_03.InvalidPwdLogin"/>
  <testcase name="clickGoogleLogin" time="8.176" classname="TS_03.InvalidPwdLogin"/>
  <testcase name="switchToSigninWindow" time="1.061" classname="TS_03.InvalidPwdLogin"/>
  <testcase name="setValuesForSignin" time="1.902" classname="TS_03.InvalidPwdLogin"/>
  <testcase name="outputDisplay" time="0.336" classname="TS_03.InvalidPwdLogin"/>
</testsuite> <!-- Invalid Password Login -->
