<?xml version="1.0" encoding="UTF-8"?>
<!-- Generated by org.testng.reporters.JUnitXMLReporter -->
<testsuite hostname="Rawna" ignored="0" name="Price" tests="4" failures="0" timestamp="23 Jun 2020 18:01:51 GMT" time="10.23" errors="0">
  <testcase name="startBrowser" time="0.59" classname="TS_01.Price"/>
  <testcase name="clickUpcomingFromDrpdwn" time="1.746" classname="TS_01.Price"/>
  <testcase name="selectPriceRangeLink" time="0.964" classname="TS_01.Price"/>
  <testcase name="outputDisplay" time="0.847" classname="TS_01.Price"/>
</testsuite> <!-- Price -->
