<?xml version="1.0" encoding="UTF-8"?>
<!-- Generated by org.testng.reporters.JUnitXMLReporter -->
<testsuite hostname="Rawna" ignored="0" name="Search By Engine" tests="6" failures="0" timestamp="23 Jun 2020 18:07:07 GMT" time="11.148" errors="0">
  <testcase name="startBrowser" time="0.681" classname="TS_04.SearchByEngine"/>
  <testcase name="clickSearchBikesFromDrpdwn" time="2.452" classname="TS_04.SearchByEngine"/>
  <testcase name="navigateToNewBikesPage" time="0.146" classname="TS_04.SearchByEngine"/>
  <testcase name="navigateToNewBikesSearchPage" time="0.936" classname="TS_04.SearchByEngine"/>
  <testcase name="setEngineFilter" time="0.32" classname="TS_04.SearchByEngine"/>
  <testcase name="outputDisplay" time="0.424" classname="TS_04.SearchByEngine"/>
</testsuite> <!-- Search By Engine -->
