<?xml version="1.0" encoding="UTF-8"?>
<!-- Generated by org.testng.reporters.JUnitXMLReporter -->
<testsuite hostname="Rawna" ignored="0" name="Search By Mileage" tests="6" failures="0" timestamp="23 Jun 2020 18:07:17 GMT" time="10.281" errors="0">
  <testcase name="startBrowser" time="0.15" classname="TS_04.SearchByMileage"/>
  <testcase name="clickSearchBikesFromDrpdwn" time="2.421" classname="TS_04.SearchByMileage"/>
  <testcase name="navigateToNewBikesPage" time="0.181" classname="TS_04.SearchByMileage"/>
  <testcase name="navigateToNewBikesSearchPage" time="1.284" classname="TS_04.SearchByMileage"/>
  <testcase name="setEngineFilter" time="0.184" classname="TS_04.SearchByMileage"/>
  <testcase name="outputDisplay" time="0.496" classname="TS_04.SearchByMileage"/>
</testsuite> <!-- Search By Mileage -->
