<?xml version="1.0" encoding="UTF-8"?>
<!-- Generated by org.testng.reporters.JUnitXMLReporter -->
<testsuite hostname="Rawna" ignored="0" name="Search By Budget" tests="6" failures="0" timestamp="23 Jun 2020 18:06:55 GMT" time="12.73" errors="0">
  <testcase name="startBrowser" time="0.179" classname="TS_04.SearchByBudget"/>
  <testcase name="clickSearchBikesFromDrpdwn" time="1.916" classname="TS_04.SearchByBudget"/>
  <testcase name="navigateToNewBikesPage" time="0.208" classname="TS_04.SearchByBudget"/>
  <testcase name="navigateToNewBikesSearchPage" time="1.238" classname="TS_04.SearchByBudget"/>
  <testcase name="setBudgetFilter" time="0.102" classname="TS_04.SearchByBudget"/>
  <testcase name="outputDisplay" time="0.512" classname="TS_04.SearchByBudget"/>
</testsuite> <!-- Search By Budget -->
