<?xml version="1.0" encoding="UTF-8"?>
<!-- Generated by org.testng.reporters.JUnitXMLReporter -->
<testsuite hostname="Rawna" ignored="0" name="Search By Brand" tests="6" failures="0" timestamp="23 Jun 2020 18:06:43 GMT" time="10.67" errors="0">
  <testcase name="startBrowser" time="0.414" classname="TS_04.SearchByBrand"/>
  <testcase name="clickSearchBikesFromDrpdwn" time="2.071" classname="TS_04.SearchByBrand"/>
  <testcase name="navigateToNewBikesPage" time="0.312" classname="TS_04.SearchByBrand"/>
  <testcase name="navigateToNewBikesSearchPage" time="1.096" classname="TS_04.SearchByBrand"/>
  <testcase name="setBrandFilter" time="0.576" classname="TS_04.SearchByBrand"/>
  <testcase name="outputDisplay" time="0.405" classname="TS_04.SearchByBrand"/>
</testsuite> <!-- Search By Brand -->
