<?xml version="1.0" encoding="UTF-8"?>
<!-- Generated by org.testng.reporters.JUnitXMLReporter -->
<testsuite hostname="Rawna" ignored="0" name="Uesd Cars" tests="6" failures="0" timestamp="20 Jun 2020 09:07:11 GMT" time="10.713" errors="0">
  <testcase name="startBrowser" time="0.017" classname="TS_04.SearchByBrandEditted"/>
  <testcase name="clickSearchBikesFromDrpdwn" time="0.572" classname="TS_04.SearchByBrandEditted"/>
  <testcase name="navigateToNewBikesPage" time="0.806" classname="TS_04.SearchByBrandEditted"/>
  <testcase name="clickSearchInNewBikesPage" time="0.912" classname="TS_04.SearchByBrandEditted"/>
  <testcase name="setBrandFilter" time="0.695" classname="TS_04.SearchByBrandEditted"/>
  <testcase name="outputDisplay" time="0.345" classname="TS_04.SearchByBrandEditted"/>
</testsuite> <!-- Uesd Cars -->
