<?xml version="1.0" encoding="UTF-8"?>
<!-- Generated by org.testng.reporters.JUnitXMLReporter -->
<testsuite hostname="Rawna" ignored="0" name="Upcoming Bikes Exp Date" tests="4" failures="0" timestamp="23 Jun 2020 18:02:09 GMT" time="8.954" errors="0">
  <testcase name="startBrowser" time="0.681" classname="TS_01.UpcomingBikesExpdate"/>
  <testcase name="setSearchValue" time="1.952" classname="TS_01.UpcomingBikesExpdate"/>
  <testcase name="loadUpcomingBikesPage" time="0.109" classname="TS_01.UpcomingBikesExpdate"/>
  <testcase name="outputDisplay" time="0.181" classname="TS_01.UpcomingBikesExpdate"/>
</testsuite> <!-- Upcoming Bikes Exp Date -->
