<?xml version="1.0" encoding="UTF-8"?>
<!-- Generated by org.testng.reporters.JUnitXMLReporter -->
<testsuite hostname="Rawna" ignored="0" name="Upcoming Requirement" tests="4" failures="0" timestamp="23 Jun 2020 18:02:18 GMT" time="9.326" errors="0">
  <testcase name="startBrowser" time="0.169" classname="TS_01.UpcomingRequirement"/>
  <testcase name="loadUpcomingBikesPage" time="1.98" classname="TS_01.UpcomingRequirement"/>
  <testcase name="navigateToUpcomingBikesPage" time="0.203" classname="TS_01.UpcomingRequirement"/>
  <testcase name="outputDisplay" time="0.441" classname="TS_01.UpcomingRequirement"/>
</testsuite> <!-- Upcoming Requirement -->
