<?xml version="1.0" encoding="UTF-8"?>
<!-- Generated by org.testng.reporters.JUnitXMLReporter -->
<testsuite hostname="Rawna" ignored="0" name="Upcoming Bikes Search" tests="4" failures="0" timestamp="23 Jun 2020 18:01:41 GMT" time="11.039" errors="0">
  <testcase name="startBrowser" time="0.629" classname="TS_01.UpcomingBikesSearchBar"/>
  <testcase name="loadUpcomingBikesPage" time="2.478" classname="TS_01.UpcomingBikesSearchBar"/>
  <testcase name="navigateToUpcomingBikesPage" time="0.107" classname="TS_01.UpcomingBikesSearchBar"/>
  <testcase name="outputDisplay" time="0.121" classname="TS_01.UpcomingBikesSearchBar"/>
</testsuite> <!-- Upcoming Bikes Search -->
