<?xml version="1.0" encoding="UTF-8"?>
<!-- Generated by org.testng.reporters.JUnitXMLReporter -->
<testsuite hostname="Rawna" ignored="0" name="Upcoming Bikes" tests="5" failures="0" timestamp="20 Jun 2020 16:38:46 GMT" time="26.288" errors="0">
  <testcase name="startBrowser" time="0.203" classname="TS_03.InvalidEmailLoginEditted"/>
  <testcase name="clickLogin" time="17.287" classname="TS_03.InvalidEmailLoginEditted"/>
  <testcase name="switchToSigninWindow" time="1.065" classname="TS_03.InvalidEmailLoginEditted"/>
  <testcase name="setValuesForSignin" time="0.199" classname="TS_03.InvalidEmailLoginEditted"/>
  <testcase name="outputDisplay" time="0.035" classname="TS_03.InvalidEmailLoginEditted"/>
</testsuite> <!-- Upcoming Bikes -->
