<?xml version="1.0" encoding="UTF-8"?>
<!-- Generated by org.testng.reporters.JUnitXMLReporter -->
<testsuite hostname="Rawna" ignored="0" name="Used Cars Chennai - Direct" tests="4" failures="0" timestamp="23 Jun 2020 18:02:55 GMT" time="8.825" errors="0">
  <testcase name="startBrowser" time="0.472" classname="TS_02.Usedcarschn"/>
  <testcase name="clickSearchUsedCarsFromDrpdwn" time="1.826" classname="TS_02.Usedcarschn"/>
  <testcase name="navigateToUsedCarsPage" time="0.248" classname="TS_02.Usedcarschn"/>
  <testcase name="outputDisplay" time="0.502" classname="TS_02.Usedcarschn"/>
</testsuite> <!-- Used Cars Chennai - Direct -->
