<?xml version="1.0" encoding="UTF-8"?>
<!-- Generated by org.testng.reporters.JUnitXMLReporter -->
<testsuite hostname="Rawna" ignored="0" name="Used Cars" tests="5" failures="0" timestamp="20 Jun 2020 13:45:13 GMT" time="8.251" errors="0">
  <testcase name="startBrowser" time="0.074" classname="TS_04.SearchByMileageEditted"/>
  <testcase name="clickSearchBikesFromDrpdwn" time="0.99" classname="TS_04.SearchByMileageEditted"/>
  <testcase name="clickSearchInNewBikesPage" time="1.696" classname="TS_04.SearchByMileageEditted"/>
  <testcase name="setEngineFilter" time="0.278" classname="TS_04.SearchByMileageEditted"/>
  <testcase name="outputDisplay" time="0.368" classname="TS_04.SearchByMileageEditted"/>
</testsuite> <!-- Used Cars -->
