<?xml version="1.0" encoding="UTF-8"?>
<!-- Generated by org.testng.reporters.JUnitXMLReporter -->
<testsuite hostname="Rawna" ignored="0" name="Valid Login" tests="6" failures="0" timestamp="23 Jun 2020 18:03:29 GMT" time="34.177" errors="0">
  <testcase name="startBrowser" time="0.133" classname="TS_03.ValidLogin"/>
  <testcase name="clickLogin" time="8.776" classname="TS_03.ValidLogin"/>
  <testcase name="clickGoogleLogin" time="8.182" classname="TS_03.ValidLogin"/>
  <testcase name="switchToSigninWindow" time="1.057" classname="TS_03.ValidLogin"/>
  <testcase name="setValuesForSignin" time="1.984" classname="TS_03.ValidLogin"/>
  <testcase name="outputDisplay" time="8.398" classname="TS_03.ValidLogin"/>
</testsuite> <!-- Valid Login -->
