<?xml version="1.0" encoding="UTF-8"?>
<!-- Generated by org.testng.reporters.JUnitXMLReporter -->
<testsuite hostname="Rawna" ignored="0" name="Variants Bike" tests="4" failures="0" timestamp="23 Jun 2020 18:02:27 GMT" time="9.396" errors="0">
  <testcase name="startBrowser" time="0.157" classname="TS_01.VariantsBikes"/>
  <testcase name="loadUpcomingBikesPage" time="2.233" classname="TS_01.VariantsBikes"/>
  <testcase name="selectBike" time="0.877" classname="TS_01.VariantsBikes"/>
  <testcase name="outputDisplay" time="0.18" classname="TS_01.VariantsBikes"/>
</testsuite> <!-- Variants Bike -->
