<?xml version="1.0" encoding="UTF-8"?>
<testng-results skipped="0" failed="0" ignored="0" total="2" passed="2">
  <reporter-output>
  </reporter-output>
  <suite name="Default suite" duration-ms="8597" started-at="2020-06-26T06:36:43Z" finished-at="2020-06-26T06:36:52Z">
    <groups>
    </groups>
    <test name="Default test" duration-ms="8597" started-at="2020-06-26T06:36:43Z" finished-at="2020-06-26T06:36:52Z">
      <class name="TS_01.Check">
        <test-method status="PASS" signature="reportSetUp()[pri:0, instance:TS_01.Check@928763c]" name="reportSetUp" is-config="true" duration-ms="1627" started-at="2020-06-26T06:36:42Z" finished-at="2020-06-26T06:36:43Z">
          <reporter-output>
          </reporter-output>
        </test-method> <!-- reportSetUp -->
        <test-method status="PASS" signature="setUp(java.lang.String, java.lang.String, java.lang.String)[pri:0, instance:TS_01.Check@928763c]" name="setUp" is-config="true" duration-ms="7329" started-at="2020-06-26T06:36:43Z" finished-at="2020-06-26T06:36:51Z">
          <params>
            <param index="0">
              <value>
                <![CDATA[chrome]]>
              </value>
            </param>
            <param index="1">
              <value>
                <![CDATA[local]]>
              </value>
            </param>
            <param index="2">
              <value is-null="true"/>
            </param>
          </params>
          <reporter-output>
          </reporter-output>
        </test-method> <!-- setUp -->
        <test-method status="PASS" signature="startBrowser()[pri:0, instance:TS_01.Check@928763c]" name="startBrowser" duration-ms="133" started-at="2020-06-26T06:36:51Z" finished-at="2020-06-26T06:36:51Z">
          <reporter-output>
          </reporter-output>
        </test-method> <!-- startBrowser -->
        <test-method status="PASS" signature="testResult(org.testng.ITestResult, java.lang.reflect.Method)[pri:0, instance:TS_01.Check@928763c]" name="testResult" is-config="true" duration-ms="12" started-at="2020-06-26T06:36:51Z" finished-at="2020-06-26T06:36:51Z">
          <params>
            <param index="0">
              <value>
                <![CDATA[[TestResult name=startBrowser status=SUCCESS method=Check.startBrowser()[pri:0, instance:TS_01.Check@928763c] output={null}]]]>
              </value>
            </param>
            <param index="1">
              <value>
                <![CDATA[public void TS_01.Check.startBrowser() throws java.io.IOException]]>
              </value>
            </param>
          </params>
          <reporter-output>
          </reporter-output>
        </test-method> <!-- testResult -->
        <test-method status="PASS" signature="test()[pri:0, instance:TS_01.Check@928763c]" name="test" duration-ms="429" started-at="2020-06-26T06:36:51Z" finished-at="2020-06-26T06:36:51Z">
          <reporter-output>
          </reporter-output>
        </test-method> <!-- test -->
        <test-method status="PASS" signature="testResult(org.testng.ITestResult, java.lang.reflect.Method)[pri:0, instance:TS_01.Check@928763c]" name="testResult" is-config="true" duration-ms="8" started-at="2020-06-26T06:36:51Z" finished-at="2020-06-26T06:36:51Z">
          <params>
            <param index="0">
              <value>
                <![CDATA[[TestResult name=test status=SUCCESS method=Check.test()[pri:0, instance:TS_01.Check@928763c] output={null}]]]>
              </value>
            </param>
            <param index="1">
              <value>
                <![CDATA[public void TS_01.Check.test()]]>
              </value>
            </param>
          </params>
          <reporter-output>
          </reporter-output>
        </test-method> <!-- testResult -->
        <test-method status="PASS" signature="closeBrowser()[pri:0, instance:TS_01.Check@928763c]" name="closeBrowser" is-config="true" duration-ms="665" started-at="2020-06-26T06:36:51Z" finished-at="2020-06-26T06:36:52Z">
          <reporter-output>
          </reporter-output>
        </test-method> <!-- closeBrowser -->
        <test-method status="PASS" signature="flush()[pri:0, instance:TS_01.Check@928763c]" name="flush" is-config="true" duration-ms="180" started-at="2020-06-26T06:36:52Z" finished-at="2020-06-26T06:36:52Z">
          <reporter-output>
          </reporter-output>
        </test-method> <!-- flush -->
      </class> <!-- TS_01.Check -->
    </test> <!-- Default test -->
  </suite> <!-- Default suite -->
</testng-results>
