<?xml version="1.0" encoding="UTF-8"?>
<testng-results skipped="0" failed="0" ignored="0" total="4" passed="4">
  <reporter-output>
  </reporter-output>
  <suite name="Default suite" duration-ms="10274" started-at="2020-06-26T07:43:25Z" finished-at="2020-06-26T07:43:36Z">
    <groups>
    </groups>
    <test name="Default test" duration-ms="10274" started-at="2020-06-26T07:43:25Z" finished-at="2020-06-26T07:43:36Z">
      <class name="TS_01.Price">
        <test-method status="PASS" signature="reportSetUp()[pri:0, instance:TS_01.Price@7ed7259e]" name="reportSetUp" is-config="true" duration-ms="1529" started-at="2020-06-26T07:43:24Z" finished-at="2020-06-26T07:43:25Z">
          <reporter-output>
          </reporter-output>
        </test-method> <!-- reportSetUp -->
        <test-method status="PASS" signature="setUp(java.lang.String, java.lang.String, java.lang.String)[pri:0, instance:TS_01.Price@7ed7259e]" name="setUp" is-config="true" duration-ms="5579" started-at="2020-06-26T07:43:25Z" finished-at="2020-06-26T07:43:31Z">
          <params>
            <param index="0">
              <value>
                <![CDATA[chrome]]>
              </value>
            </param>
            <param index="1">
              <value>
                <![CDATA[local]]>
              </value>
            </param>
            <param index="2">
              <value is-null="true"/>
            </param>
          </params>
          <reporter-output>
          </reporter-output>
        </test-method> <!-- setUp -->
        <test-method status="PASS" signature="startBrowser()[pri:0, instance:TS_01.Price@7ed7259e]" name="startBrowser" duration-ms="121" started-at="2020-06-26T07:43:31Z" finished-at="2020-06-26T07:43:31Z">
          <reporter-output>
          </reporter-output>
        </test-method> <!-- startBrowser -->
        <test-method status="PASS" signature="testResult(org.testng.ITestResult, java.lang.reflect.Method)[pri:0, instance:TS_01.Price@7ed7259e]" name="testResult" is-config="true" duration-ms="10" started-at="2020-06-26T07:43:31Z" finished-at="2020-06-26T07:43:31Z">
          <params>
            <param index="0">
              <value>
                <![CDATA[[TestResult name=startBrowser status=SUCCESS method=Price.startBrowser()[pri:0, instance:TS_01.Price@7ed7259e] output={null}]]]>
              </value>
            </param>
            <param index="1">
              <value>
                <![CDATA[public void TS_01.Price.startBrowser() throws java.io.IOException]]>
              </value>
            </param>
          </params>
          <reporter-output>
          </reporter-output>
        </test-method> <!-- testResult -->
        <test-method status="PASS" signature="clickUpcomingFromDrpdwn()[pri:1, instance:TS_01.Price@7ed7259e]" name="clickUpcomingFromDrpdwn" duration-ms="2350" started-at="2020-06-26T07:43:31Z" finished-at="2020-06-26T07:43:33Z">
          <reporter-output>
          </reporter-output>
        </test-method> <!-- clickUpcomingFromDrpdwn -->
        <test-method status="PASS" signature="testResult(org.testng.ITestResult, java.lang.reflect.Method)[pri:0, instance:TS_01.Price@7ed7259e]" name="testResult" is-config="true" duration-ms="9" started-at="2020-06-26T07:43:33Z" finished-at="2020-06-26T07:43:33Z">
          <params>
            <param index="0">
              <value>
                <![CDATA[[TestResult name=clickUpcomingFromDrpdwn status=SUCCESS method=Price.clickUpcomingFromDrpdwn()[pri:1, instance:TS_01.Price@7ed7259e] output={null}]]]>
              </value>
            </param>
            <param index="1">
              <value>
                <![CDATA[public void TS_01.Price.clickUpcomingFromDrpdwn() throws java.io.IOException]]>
              </value>
            </param>
          </params>
          <reporter-output>
          </reporter-output>
        </test-method> <!-- testResult -->
        <test-method status="PASS" signature="selectPriceRangeLink()[pri:2, instance:TS_01.Price@7ed7259e]" name="selectPriceRangeLink" duration-ms="966" started-at="2020-06-26T07:43:33Z" finished-at="2020-06-26T07:43:34Z">
          <reporter-output>
          </reporter-output>
        </test-method> <!-- selectPriceRangeLink -->
        <test-method status="PASS" signature="testResult(org.testng.ITestResult, java.lang.reflect.Method)[pri:0, instance:TS_01.Price@7ed7259e]" name="testResult" is-config="true" duration-ms="7" started-at="2020-06-26T07:43:34Z" finished-at="2020-06-26T07:43:34Z">
          <params>
            <param index="0">
              <value>
                <![CDATA[[TestResult name=selectPriceRangeLink status=SUCCESS method=Price.selectPriceRangeLink()[pri:2, instance:TS_01.Price@7ed7259e] output={null}]]]>
              </value>
            </param>
            <param index="1">
              <value>
                <![CDATA[public void TS_01.Price.selectPriceRangeLink()]]>
              </value>
            </param>
          </params>
          <reporter-output>
          </reporter-output>
        </test-method> <!-- testResult -->
        <test-method status="PASS" signature="outputDisplay()[pri:3, instance:TS_01.Price@7ed7259e]" name="outputDisplay" duration-ms="564" started-at="2020-06-26T07:43:34Z" finished-at="2020-06-26T07:43:35Z">
          <reporter-output>
          </reporter-output>
        </test-method> <!-- outputDisplay -->
        <test-method status="PASS" signature="testResult(org.testng.ITestResult, java.lang.reflect.Method)[pri:0, instance:TS_01.Price@7ed7259e]" name="testResult" is-config="true" duration-ms="5" started-at="2020-06-26T07:43:35Z" finished-at="2020-06-26T07:43:35Z">
          <params>
            <param index="0">
              <value>
                <![CDATA[[TestResult name=outputDisplay status=SUCCESS method=Price.outputDisplay()[pri:3, instance:TS_01.Price@7ed7259e] output={null}]]]>
              </value>
            </param>
            <param index="1">
              <value>
                <![CDATA[public void TS_01.Price.outputDisplay()]]>
              </value>
            </param>
          </params>
          <reporter-output>
          </reporter-output>
        </test-method> <!-- testResult -->
        <test-method status="PASS" signature="closeBrowser()[pri:0, instance:TS_01.Price@7ed7259e]" name="closeBrowser" is-config="true" duration-ms="648" started-at="2020-06-26T07:43:35Z" finished-at="2020-06-26T07:43:36Z">
          <reporter-output>
          </reporter-output>
        </test-method> <!-- closeBrowser -->
        <test-method status="PASS" signature="flush()[pri:0, instance:TS_01.Price@7ed7259e]" name="flush" is-config="true" duration-ms="160" started-at="2020-06-26T07:43:36Z" finished-at="2020-06-26T07:43:36Z">
          <reporter-output>
          </reporter-output>
        </test-method> <!-- flush -->
      </class> <!-- TS_01.Price -->
    </test> <!-- Default test -->
  </suite> <!-- Default suite -->
</testng-results>
